2019-06-02 11:39:33.079  INFO 19156 --- [restartedMain] com.hnisc.cmpas.CmpasApplication         : Starting CmpasApplication on HumorChen with PID 19156 (C:\Users\Administrator\IdeaProjects\cmpas\target\classes started by Administrator in C:\Users\Administrator\IdeaProjects\cmpas)
2019-06-02 11:39:33.079  INFO 19156 --- [restartedMain] com.hnisc.cmpas.CmpasApplication         : The following profiles are active: dev
2019-06-02 11:39:33.125  INFO 19156 --- [restartedMain] ConfigServletWebServerApplicationContext : Refreshing org.springframework.boot.web.servlet.context.AnnotationConfigServletWebServerApplicationContext@a7dc00b: startup date [Sun Jun 02 11:39:33 CST 2019]; root of context hierarchy
2019-06-02 11:39:34.077  INFO 19156 --- [restartedMain] o.s.b.w.embedded.tomcat.TomcatWebServer  : Tomcat initialized with port(s): 8080 (http)
2019-06-02 11:39:34.091  INFO 19156 --- [restartedMain] o.apache.catalina.core.StandardService   : Starting service [Tomcat]
2019-06-02 11:39:34.091  INFO 19156 --- [restartedMain] org.apache.catalina.core.StandardEngine  : Starting Servlet Engine: Apache Tomcat/8.5.28
2019-06-02 11:39:34.093  INFO 19156 --- [localhost-startStop-1] o.a.catalina.core.AprLifecycleListener   : The APR based Apache Tomcat Native library which allows optimal performance in production environments was not found on the java.library.path: [C:\Program Files\Java\jdk1.8.0_161\bin;C:\WINDOWS\Sun\Java\bin;C:\WINDOWS\system32;C:\WINDOWS;;C:\Program Files\MySQL\MySQL Server 5.5\bin;C:\Program Files\NVIDIA Corporation\NVIDIA NvDLISR;C:\Program Files\Python\Scripts\;C:\Program Files\Python\;C:\Users\Administrator\AppData\Local\Microsoft\WindowsApps;;C:\Program Files\JetBrains\PyCharm 2018.3.2\bin;;.]
2019-06-02 11:39:34.150  INFO 19156 --- [localhost-startStop-1] o.a.c.c.C.[Tomcat].[localhost].[/]       : Initializing Spring embedded WebApplicationContext
2019-06-02 11:39:34.150  INFO 19156 --- [localhost-startStop-1] o.s.web.context.ContextLoader            : Root WebApplicationContext: initialization completed in 1025 ms
2019-06-02 11:39:34.307  INFO 19156 --- [localhost-startStop-1] o.s.b.w.servlet.ServletRegistrationBean  : Servlet dispatcherServlet mapped to [/]
2019-06-02 11:39:34.310  INFO 19156 --- [localhost-startStop-1] o.s.b.w.servlet.FilterRegistrationBean   : Mapping filter: 'characterEncodingFilter' to: [/*]
2019-06-02 11:39:34.310  INFO 19156 --- [localhost-startStop-1] o.s.b.w.servlet.FilterRegistrationBean   : Mapping filter: 'hiddenHttpMethodFilter' to: [/*]
2019-06-02 11:39:34.310  INFO 19156 --- [localhost-startStop-1] o.s.b.w.servlet.FilterRegistrationBean   : Mapping filter: 'httpPutFormContentFilter' to: [/*]
2019-06-02 11:39:34.311  INFO 19156 --- [localhost-startStop-1] o.s.b.w.servlet.FilterRegistrationBean   : Mapping filter: 'requestContextFilter' to: [/*]
2019-06-02 11:39:34.464  INFO 19156 --- [restartedMain] com.alibaba.druid.pool.DruidDataSource   : {dataSource-1} inited
2019-06-02 11:39:35.229  INFO 19156 --- [restartedMain] s.w.s.m.m.a.RequestMappingHandlerAdapter : Looking for @ControllerAdvice: org.springframework.boot.web.servlet.context.AnnotationConfigServletWebServerApplicationContext@a7dc00b: startup date [Sun Jun 02 11:39:33 CST 2019]; root of context hierarchy
2019-06-02 11:39:35.268  INFO 19156 --- [restartedMain] s.w.s.m.m.a.RequestMappingHandlerMapping : Mapped "{[/cmpas/message/sendVerificationMessage],params=[phone]}" onto public com.hnisc.cmpas.package_object.ResultData com.hnisc.cmpas.controler.MessageController.sendVerificationMessage(javax.servlet.http.HttpSession,com.hnisc.cmpas.bean.Message)
2019-06-02 11:39:35.269  INFO 19156 --- [restartedMain] s.w.s.m.m.a.RequestMappingHandlerMapping : Mapped "{[/cmpas/uploadFile/upload],methods=[POST],headers=[enctype=multipart/form-data]}" onto public com.hnisc.cmpas.package_object.MultiURLData com.hnisc.cmpas.controler.UploadFileController.upload(javax.servlet.http.HttpServletRequest)
2019-06-02 11:39:35.270  INFO 19156 --- [restartedMain] s.w.s.m.m.a.RequestMappingHandlerMapping : Mapped "{[/cmpas/user/register],params=[phone && password && nickname && realname && gender && VerificationCode]}" onto public com.hnisc.cmpas.package_object.ResultData com.hnisc.cmpas.controler.UserController.register(javax.servlet.http.HttpSession,com.hnisc.cmpas.bean.User,java.lang.String)
2019-06-02 11:39:35.270  INFO 19156 --- [restartedMain] s.w.s.m.m.a.RequestMappingHandlerMapping : Mapped "{[/cmpas/user/login],params=[PhoneNumber && Pwd]}" onto public com.hnisc.cmpas.package_object.ResultData com.hnisc.cmpas.controler.UserController.login(javax.servlet.http.HttpSession,com.hnisc.cmpas.bean.User)
2019-06-02 11:39:35.272  INFO 19156 --- [restartedMain] s.w.s.m.m.a.RequestMappingHandlerMapping : Mapped "{[/error]}" onto public org.springframework.http.ResponseEntity<java.util.Map<java.lang.String, java.lang.Object>> org.springframework.boot.autoconfigure.web.servlet.error.BasicErrorController.error(javax.servlet.http.HttpServletRequest)
2019-06-02 11:39:35.273  INFO 19156 --- [restartedMain] s.w.s.m.m.a.RequestMappingHandlerMapping : Mapped "{[/error],produces=[text/html]}" onto public org.springframework.web.servlet.ModelAndView org.springframework.boot.autoconfigure.web.servlet.error.BasicErrorController.errorHtml(javax.servlet.http.HttpServletRequest,javax.servlet.http.HttpServletResponse)
2019-06-02 11:39:35.295  INFO 19156 --- [restartedMain] o.s.w.s.handler.SimpleUrlHandlerMapping  : Mapped URL path [/webjars/**] onto handler of type [class org.springframework.web.servlet.resource.ResourceHttpRequestHandler]
2019-06-02 11:39:35.295  INFO 19156 --- [restartedMain] o.s.w.s.handler.SimpleUrlHandlerMapping  : Mapped URL path [/**] onto handler of type [class org.springframework.web.servlet.resource.ResourceHttpRequestHandler]
2019-06-02 11:39:35.325  INFO 19156 --- [restartedMain] o.s.w.s.handler.SimpleUrlHandlerMapping  : Mapped URL path [/**/favicon.ico] onto handler of type [class org.springframework.web.servlet.resource.ResourceHttpRequestHandler]
2019-06-02 11:39:35.509  INFO 19156 --- [restartedMain] o.s.b.d.a.OptionalLiveReloadServer       : LiveReload server is running on port 35729
2019-06-02 11:39:35.548  INFO 19156 --- [restartedMain] o.s.j.e.a.AnnotationMBeanExporter        : Registering beans for JMX exposure on startup
2019-06-02 11:39:35.548  INFO 19156 --- [restartedMain] o.s.j.e.a.AnnotationMBeanExporter        : Bean with name 'dataSource' has been autodetected for JMX exposure
2019-06-02 11:39:35.554  INFO 19156 --- [restartedMain] o.s.j.e.a.AnnotationMBeanExporter        : Located MBean 'dataSource': registering with JMX server as MBean [com.alibaba.druid.pool:name=dataSource,type=DruidDataSource]
2019-06-02 11:39:35.574  INFO 19156 --- [restartedMain] o.s.b.w.embedded.tomcat.TomcatWebServer  : Tomcat started on port(s): 8080 (http) with context path ''
2019-06-02 11:39:35.576  INFO 19156 --- [restartedMain] com.hnisc.cmpas.CmpasApplication         : Started CmpasApplication in 2.83 seconds (JVM running for 3.419)
2019-06-02 11:39:38.778  INFO 19156 --- [http-nio-8080-exec-1] o.a.c.c.C.[Tomcat].[localhost].[/]       : Initializing Spring FrameworkServlet 'dispatcherServlet'
2019-06-02 11:39:38.779  INFO 19156 --- [http-nio-8080-exec-1] o.s.web.servlet.DispatcherServlet        : FrameworkServlet 'dispatcherServlet': initialization started
2019-06-02 11:39:38.793  INFO 19156 --- [http-nio-8080-exec-1] o.s.web.servlet.DispatcherServlet        : FrameworkServlet 'dispatcherServlet': initialization completed in 14 ms
2019-06-02 11:40:48.086  INFO 19156 --- [Thread-12] ConfigServletWebServerApplicationContext : Closing org.springframework.boot.web.servlet.context.AnnotationConfigServletWebServerApplicationContext@a7dc00b: startup date [Sun Jun 02 11:39:33 CST 2019]; root of context hierarchy
2019-06-02 11:40:48.089  INFO 19156 --- [Thread-12] o.s.j.e.a.AnnotationMBeanExporter        : Unregistering JMX-exposed beans on shutdown
2019-06-02 11:40:48.089  INFO 19156 --- [Thread-12] o.s.j.e.a.AnnotationMBeanExporter        : Unregistering JMX-exposed beans
2019-06-02 11:40:48.091  INFO 19156 --- [Thread-12] com.alibaba.druid.pool.DruidDataSource   : {dataSource-1} closed
